# JRE version: OpenJDK Runtime Environment (8.0_242-b01) (build 1.8.0_242-release-1644-b01)
# Java VM: OpenJDK 64-Bit Server VM (25.242-b01 mixed mode windows-amd64 compressed oops)
Heap:
 PSYoungGen      total 76288K, used 49481K [0x00000000eda00000, 0x00000000f4900000, 0x0000000100000000)
  eden space 57344K, 61% used [0x00000000eda00000,0x00000000efc78520,0x00000000f1200000)
  from space 18944K, 74% used [0x00000000f1200000,0x00000000f1fd9fd8,0x00000000f2480000)
  to   space 19968K, 0% used [0x00000000f3580000,0x00000000f3580000,0x00000000f4900000)
 ParOldGen       total 57344K, used 32041K [0x00000000c8e00000, 0x00000000cc600000, 0x00000000eda00000)
  object space 57344K, 55% used [0x00000000c8e00000,0x00000000cad4a4f8,0x00000000cc600000)
 Metaspace       used 42794K, capacity 43582K, committed 44032K, reserved 1087488K
  class space    used 5267K, capacity 5521K, committed 5632K, reserved 1048576K
GC Heap History (10 events):
Event: 2.438 GC heap before
{Heap before GC invocations=7 (full 1):
 PSYoungGen      total 31744K, used 29696K [0x00000000eda00000, 0x00000000f3200000, 0x0000000100000000)
  eden space 29696K, 100% used [0x00000000eda00000,0x00000000ef700000,0x00000000ef700000)
  from space 2048K, 0% used [0x00000000ef700000,0x00000000ef700000,0x00000000ef900000)
  to   space 15360K, 0% used [0x00000000f2300000,0x00000000f2300000,0x00000000f3200000)
 ParOldGen       total 57344K, used 20369K [0x00000000c8e00000, 0x00000000cc600000, 0x00000000eda00000)
  object space 57344K, 35% used [0x00000000c8e00000,0x00000000ca1e4488,0x00000000cc600000)
 Metaspace       used 25226K, capacity 25796K, committed 25984K, reserved 1071104K
  class space    used 3219K, capacity 3378K, committed 3456K, reserved 1048576K
Event: 2.446 GC heap after
Heap after GC invocations=7 (full 1):
 PSYoungGen      total 50688K, used 8350K [0x00000000eda00000, 0x00000000f2b80000, 0x0000000100000000)
  eden space 41984K, 0% used [0x00000000eda00000,0x00000000eda00000,0x00000000f0300000)
  from space 8704K, 95% used [0x00000000f2300000,0x00000000f2b27b10,0x00000000f2b80000)
  to   space 14848K, 0% used [0x00000000f0e80000,0x00000000f0e80000,0x00000000f1d00000)
 ParOldGen       total 57344K, used 20377K [0x00000000c8e00000, 0x00000000cc600000, 0x00000000eda00000)
  object space 57344K, 35% used [0x00000000c8e00000,0x00000000ca1e6488,0x00000000cc600000)
 Metaspace       used 25226K, capacity 25796K, committed 25984K, reserved 1071104K
  class space    used 3219K, capacity 3378K, committed 3456K, reserved 1048576K
}
Event: 3.146 GC heap before
{Heap before GC invocations=8 (full 1):
 PSYoungGen      total 50688K, used 50334K [0x00000000eda00000, 0x00000000f2b80000, 0x0000000100000000)
  eden space 41984K, 100% used [0x00000000eda00000,0x00000000f0300000,0x00000000f0300000)
  from space 8704K, 95% used [0x00000000f2300000,0x00000000f2b27b10,0x00000000f2b80000)
  to   space 14848K, 0% used [0x00000000f0e80000,0x00000000f0e80000,0x00000000f1d00000)
 ParOldGen       total 57344K, used 20377K [0x00000000c8e00000, 0x00000000cc600000, 0x00000000eda00000)
  object space 57344K, 35% used [0x00000000c8e00000,0x00000000ca1e6488,0x00000000cc600000)
 Metaspace       used 29914K, capacity 30504K, committed 30848K, reserved 1077248K
  class space    used 3746K, capacity 3896K, committed 3968K, reserved 1048576K
Event: 3.160 GC heap after
Heap after GC invocations=8 (full 1):
 PSYoungGen      total 68608K, used 14265K [0x00000000eda00000, 0x00000000f3500000, 0x0000000100000000)
  eden space 53760K, 0% used [0x00000000eda00000,0x00000000eda00000,0x00000000f0e80000)
  from space 14848K, 96% used [0x00000000f0e80000,0x00000000f1c6e470,0x00000000f1d00000)
  to   space 16896K, 0% used [0x00000000f2480000,0x00000000f2480000,0x00000000f3500000)
 ParOldGen       total 57344K, used 20385K [0x00000000c8e00000, 0x00000000cc600000, 0x00000000eda00000)
  object space 57344K, 35% used [0x00000000c8e00000,0x00000000ca1e8488,0x00000000cc600000)
 Metaspace       used 29914K, capacity 30504K, committed 30848K, reserved 1077248K
  class space    used 3746K, capacity 3896K, committed 3968K, reserved 1048576K
}
Event: 3.514 GC heap before
{Heap before GC invocations=9 (full 1):
 PSYoungGen      total 68608K, used 35486K [0x00000000eda00000, 0x00000000f3500000, 0x0000000100000000)
  eden space 53760K, 39% used [0x00000000eda00000,0x00000000eeeb96f0,0x00000000f0e80000)
  from space 14848K, 96% used [0x00000000f0e80000,0x00000000f1c6e470,0x00000000f1d00000)
  to   space 16896K, 0% used [0x00000000f2480000,0x00000000f2480000,0x00000000f3500000)
 ParOldGen       total 57344K, used 20385K [0x00000000c8e00000, 0x00000000cc600000, 0x00000000eda00000)
  object space 57344K, 35% used [0x00000000c8e00000,0x00000000ca1e8488,0x00000000cc600000)
 Metaspace       used 33237K, capacity 33748K, committed 33920K, reserved 1079296K
  class space    used 4132K, capacity 4314K, committed 4352K, reserved 1048576K
Event: 3.529 GC heap after
Heap after GC invocations=9 (full 1):
 PSYoungGen      total 74240K, used 15051K [0x00000000eda00000, 0x00000000f4c80000, 0x0000000100000000)
  eden space 57344K, 0% used [0x00000000eda00000,0x00000000eda00000,0x00000000f1200000)
  from space 16896K, 89% used [0x00000000f2480000,0x00000000f3332ea8,0x00000000f3500000)
  to   space 18944K, 0% used [0x00000000f1200000,0x00000000f1200000,0x00000000f2480000)
 ParOldGen       total 57344K, used 20393K [0x00000000c8e00000, 0x00000000cc600000, 0x00000000eda00000)
  object space 57344K, 35% used [0x00000000c8e00000,0x00000000ca1ea488,0x00000000cc600000)
 Metaspace       used 33237K, capacity 33748K, committed 33920K, reserved 1079296K
  class space    used 4132K, capacity 4314K, committed 4352K, reserved 1048576K
}
Event: 3.530 GC heap before
{Heap before GC invocations=10 (full 2):
 PSYoungGen      total 74240K, used 15051K [0x00000000eda00000, 0x00000000f4c80000, 0x0000000100000000)
  eden space 57344K, 0% used [0x00000000eda00000,0x00000000eda00000,0x00000000f1200000)
  from space 16896K, 89% used [0x00000000f2480000,0x00000000f3332ea8,0x00000000f3500000)
  to   space 18944K, 0% used [0x00000000f1200000,0x00000000f1200000,0x00000000f2480000)
 ParOldGen       total 57344K, used 20393K [0x00000000c8e00000, 0x00000000cc600000, 0x00000000eda00000)
  object space 57344K, 35% used [0x00000000c8e00000,0x00000000ca1ea488,0x00000000cc600000)
 Metaspace       used 33237K, capacity 33748K, committed 33920K, reserved 1079296K
  class space    used 4132K, capacity 4314K, committed 4352K, reserved 1048576K
Event: 3.617 GC heap after
Heap after GC invocations=10 (full 2):
 PSYoungGen      total 74240K, used 0K [0x00000000eda00000, 0x00000000f4c80000, 0x0000000100000000)
  eden space 57344K, 0% used [0x00000000eda00000,0x00000000eda00000,0x00000000f1200000)
  from space 16896K, 0% used [0x00000000f2480000,0x00000000f2480000,0x00000000f3500000)
  to   space 18944K, 0% used [0x00000000f1200000,0x00000000f1200000,0x00000000f2480000)
 ParOldGen       total 57344K, used 31963K [0x00000000c8e00000, 0x00000000cc600000, 0x00000000eda00000)
  object space 57344K, 55% used [0x00000000c8e00000,0x00000000cad36f48,0x00000000cc600000)
 Metaspace       used 33237K, capacity 33748K, committed 33920K, reserved 1079296K
  class space    used 4132K, capacity 4314K, committed 4352K, reserved 1048576K
}
Event: 5.062 GC heap before
{Heap before GC invocations=11 (full 2):
 PSYoungGen      total 74240K, used 57344K [0x00000000eda00000, 0x00000000f4c80000, 0x0000000100000000)
  eden space 57344K, 100% used [0x00000000eda00000,0x00000000f1200000,0x00000000f1200000)
  from space 16896K, 0% used [0x00000000f2480000,0x00000000f2480000,0x00000000f3500000)
  to   space 18944K, 0% used [0x00000000f1200000,0x00000000f1200000,0x00000000f2480000)
 ParOldGen       total 57344K, used 31963K [0x00000000c8e00000, 0x00000000cc600000, 0x00000000eda00000)
  object space 57344K, 55% used [0x00000000c8e00000,0x00000000cad36f48,0x00000000cc600000)
 Metaspace       used 41956K, capacity 42762K, committed 43136K, reserved 1087488K
  class space    used 5168K, capacity 5419K, committed 5504K, reserved 1048576K
Event: 5.143 GC heap after
Heap after GC invocations=11 (full 2):
 PSYoungGen      total 76288K, used 14183K [0x00000000eda00000, 0x00000000f4900000, 0x0000000100000000)
  eden space 57344K, 0% used [0x00000000eda00000,0x00000000eda00000,0x00000000f1200000)
  from space 18944K, 74% used [0x00000000f1200000,0x00000000f1fd9fd8,0x00000000f2480000)
  to   space 19968K, 0% used [0x00000000f3580000,0x00000000f3580000,0x00000000f4900000)
 ParOldGen       total 57344K, used 32041K [0x00000000c8e00000, 0x00000000cc600000, 0x00000000eda00000)
  object space 57344K, 55% used [0x00000000c8e00000,0x00000000cad4a4f8,0x00000000cc600000)
 Metaspace       used 41956K, capacity 42762K, committed 43136K, reserved 1087488K
  class space    used 5168K, capacity 5419K, committed 5504K, reserved 1048576K
}

