# JRE version: OpenJDK Runtime Environment (8.0_242-b01) (build 1.8.0_242-release-1644-b01)
# Java VM: OpenJDK 64-Bit Server VM (25.242-b01 mixed mode windows-amd64 compressed oops)
Heap:
 PSYoungGen      total 552960K, used 480383K [0x00000000d5580000, 0x00000000ff600000, 0x0000000100000000)
  eden space 444928K, 100% used [0x00000000d5580000,0x00000000f0800000,0x00000000f0800000)
  from space 108032K, 32% used [0x00000000f0800000,0x00000000f2a9fd10,0x00000000f7180000)
  to   space 100864K, 0% used [0x00000000f9380000,0x00000000f9380000,0x00000000ff600000)
 ParOldGen       total 181760K, used 99754K [0x0000000080000000, 0x000000008b180000, 0x00000000d5580000)
  object space 181760K, 54% used [0x0000000080000000,0x000000008616aa10,0x000000008b180000)
 Metaspace       used 120636K, capacity 128952K, committed 129484K, reserved 1161216K
  class space    used 15521K, capacity 17009K, committed 17408K, reserved 1048576K
GC Heap History (10 events):
Event: 21566.575 GC heap before
{Heap before GC invocations=36 (full 5):
 PSYoungGen      total 410624K, used 296695K [0x00000000d5580000, 0x00000000f6b00000, 0x0000000100000000)
  eden space 296960K, 99% used [0x00000000d5580000,0x00000000e773dfa0,0x00000000e7780000)
  from space 113664K, 0% used [0x00000000ee700000,0x00000000ee700000,0x00000000f5600000)
  to   space 114176K, 0% used [0x00000000e7780000,0x00000000e7780000,0x00000000ee700000)
 ParOldGen       total 181760K, used 84399K [0x0000000080000000, 0x000000008b180000, 0x00000000d5580000)
  object space 181760K, 46% used [0x0000000080000000,0x000000008526bfe0,0x000000008b180000)
 Metaspace       used 111297K, capacity 117488K, committed 121676K, reserved 1155072K
  class space    used 14159K, capacity 15351K, committed 16512K, reserved 1048576K
Event: 21566.905 GC heap after
Heap after GC invocations=36 (full 5):
 PSYoungGen      total 411136K, used 6212K [0x00000000d5580000, 0x00000000fa200000, 0x0000000100000000)
  eden space 296960K, 0% used [0x00000000d5580000,0x00000000d5580000,0x00000000e7780000)
  from space 114176K, 5% used [0x00000000e7780000,0x00000000e7d91350,0x00000000ee700000)
  to   space 114688K, 0% used [0x00000000f3200000,0x00000000f3200000,0x00000000fa200000)
 ParOldGen       total 181760K, used 84399K [0x0000000080000000, 0x000000008b180000, 0x00000000d5580000)
  object space 181760K, 46% used [0x0000000080000000,0x000000008526bfe0,0x000000008b180000)
 Metaspace       used 111297K, capacity 117488K, committed 121676K, reserved 1155072K
  class space    used 14159K, capacity 15351K, committed 16512K, reserved 1048576K
}
Event: 21567.549 GC heap before
{Heap before GC invocations=37 (full 5):
 PSYoungGen      total 411136K, used 303172K [0x00000000d5580000, 0x00000000fa200000, 0x0000000100000000)
  eden space 296960K, 100% used [0x00000000d5580000,0x00000000e7780000,0x00000000e7780000)
  from space 114176K, 5% used [0x00000000e7780000,0x00000000e7d91350,0x00000000ee700000)
  to   space 114688K, 0% used [0x00000000f3200000,0x00000000f3200000,0x00000000fa200000)
 ParOldGen       total 181760K, used 84399K [0x0000000080000000, 0x000000008b180000, 0x00000000d5580000)
  object space 181760K, 46% used [0x0000000080000000,0x000000008526bfe0,0x000000008b180000)
 Metaspace       used 111309K, capacity 117488K, committed 121676K, reserved 1155072K
  class space    used 14159K, capacity 15351K, committed 16512K, reserved 1048576K
Event: 21567.559 GC heap after
Heap after GC invocations=37 (full 5):
 PSYoungGen      total 479744K, used 10090K [0x00000000d5580000, 0x00000000f9d00000, 0x0000000100000000)
  eden space 370176K, 0% used [0x00000000d5580000,0x00000000d5580000,0x00000000ebf00000)
  from space 109568K, 9% used [0x00000000f3200000,0x00000000f3bdab58,0x00000000f9d00000)
  to   space 113664K, 0% used [0x00000000ebf00000,0x00000000ebf00000,0x00000000f2e00000)
 ParOldGen       total 181760K, used 84399K [0x0000000080000000, 0x000000008b180000, 0x00000000d5580000)
  object space 181760K, 46% used [0x0000000080000000,0x000000008526bfe0,0x000000008b180000)
 Metaspace       used 111309K, capacity 117488K, committed 121676K, reserved 1155072K
  class space    used 14159K, capacity 15351K, committed 16512K, reserved 1048576K
}
Event: 21568.447 GC heap before
{Heap before GC invocations=38 (full 5):
 PSYoungGen      total 479744K, used 380266K [0x00000000d5580000, 0x00000000f9d00000, 0x0000000100000000)
  eden space 370176K, 100% used [0x00000000d5580000,0x00000000ebf00000,0x00000000ebf00000)
  from space 109568K, 9% used [0x00000000f3200000,0x00000000f3bdab58,0x00000000f9d00000)
  to   space 113664K, 0% used [0x00000000ebf00000,0x00000000ebf00000,0x00000000f2e00000)
 ParOldGen       total 181760K, used 84399K [0x0000000080000000, 0x000000008b180000, 0x00000000d5580000)
  object space 181760K, 46% used [0x0000000080000000,0x000000008526bfe0,0x000000008b180000)
 Metaspace       used 111317K, capacity 117488K, committed 121676K, reserved 1155072K
  class space    used 14159K, capacity 15351K, committed 16512K, reserved 1048576K
Event: 21568.528 GC heap after
Heap after GC invocations=38 (full 5):
 PSYoungGen      total 483840K, used 12073K [0x00000000d5580000, 0x00000000fe200000, 0x0000000100000000)
  eden space 370176K, 0% used [0x00000000d5580000,0x00000000d5580000,0x00000000ebf00000)
  from space 113664K, 10% used [0x00000000ebf00000,0x00000000ecaca5d0,0x00000000f2e00000)
  to   space 111104K, 0% used [0x00000000f7580000,0x00000000f7580000,0x00000000fe200000)
 ParOldGen       total 181760K, used 84407K [0x0000000080000000, 0x000000008b180000, 0x00000000d5580000)
  object space 181760K, 46% used [0x0000000080000000,0x000000008526dfe0,0x000000008b180000)
 Metaspace       used 111317K, capacity 117488K, committed 121676K, reserved 1155072K
  class space    used 14159K, capacity 15351K, committed 16512K, reserved 1048576K
}
Event: 21572.008 GC heap before
{Heap before GC invocations=39 (full 5):
 PSYoungGen      total 483840K, used 382248K [0x00000000d5580000, 0x00000000fe200000, 0x0000000100000000)
  eden space 370176K, 99% used [0x00000000d5580000,0x00000000ebeffe08,0x00000000ebf00000)
  from space 113664K, 10% used [0x00000000ebf00000,0x00000000ecaca5d0,0x00000000f2e00000)
  to   space 111104K, 0% used [0x00000000f7580000,0x00000000f7580000,0x00000000fe200000)
 ParOldGen       total 181760K, used 84407K [0x0000000080000000, 0x000000008b180000, 0x00000000d5580000)
  object space 181760K, 46% used [0x0000000080000000,0x000000008526dfe0,0x000000008b180000)
 Metaspace       used 111720K, capacity 117932K, committed 121676K, reserved 1155072K
  class space    used 14205K, capacity 15397K, committed 16512K, reserved 1048576K
Event: 21572.235 GC heap after
Heap after GC invocations=39 (full 5):
 PSYoungGen      total 548864K, used 13225K [0x00000000d5580000, 0x00000000fdb00000, 0x0000000100000000)
  eden space 444928K, 0% used [0x00000000d5580000,0x00000000d5580000,0x00000000f0800000)
  from space 103936K, 12% used [0x00000000f7580000,0x00000000f826a6f8,0x00000000fdb00000)
  to   space 108032K, 0% used [0x00000000f0800000,0x00000000f0800000,0x00000000f7180000)
 ParOldGen       total 181760K, used 88469K [0x0000000080000000, 0x000000008b180000, 0x00000000d5580000)
  object space 181760K, 48% used [0x0000000080000000,0x0000000085665720,0x000000008b180000)
 Metaspace       used 111720K, capacity 117932K, committed 121676K, reserved 1155072K
  class space    used 14205K, capacity 15397K, committed 16512K, reserved 1048576K
}
Event: 21576.605 GC heap before
{Heap before GC invocations=40 (full 5):
 PSYoungGen      total 548864K, used 458153K [0x00000000d5580000, 0x00000000fdb00000, 0x0000000100000000)
  eden space 444928K, 100% used [0x00000000d5580000,0x00000000f0800000,0x00000000f0800000)
  from space 103936K, 12% used [0x00000000f7580000,0x00000000f826a6f8,0x00000000fdb00000)
  to   space 108032K, 0% used [0x00000000f0800000,0x00000000f0800000,0x00000000f7180000)
 ParOldGen       total 181760K, used 88469K [0x0000000080000000, 0x000000008b180000, 0x00000000d5580000)
  object space 181760K, 48% used [0x0000000080000000,0x0000000085665720,0x000000008b180000)
 Metaspace       used 118343K, capacity 125982K, committed 126668K, reserved 1159168K
  class space    used 15298K, capacity 16724K, committed 17152K, reserved 1048576K
Event: 21577.309 GC heap after
Heap after GC invocations=40 (full 5):
 PSYoungGen      total 552960K, used 35455K [0x00000000d5580000, 0x00000000ff600000, 0x0000000100000000)
  eden space 444928K, 0% used [0x00000000d5580000,0x00000000d5580000,0x00000000f0800000)
  from space 108032K, 32% used [0x00000000f0800000,0x00000000f2a9fd10,0x00000000f7180000)
  to   space 100864K, 0% used [0x00000000f9380000,0x00000000f9380000,0x00000000ff600000)
 ParOldGen       total 181760K, used 99754K [0x0000000080000000, 0x000000008b180000, 0x00000000d5580000)
  object space 181760K, 54% used [0x0000000080000000,0x000000008616aa10,0x000000008b180000)
 Metaspace       used 118343K, capacity 125982K, committed 126668K, reserved 1159168K
  class space    used 15298K, capacity 16724K, committed 17152K, reserved 1048576K
}

